This is pdfTeX, Version 3.141592653-2.6-1.40.26 (TeX Live 2024) (preloaded format=pdflatex 2024.5.10)  30 MAR 2026 01:57
entering extended mode
 restricted \write18 enabled.
 file:line:error style messages enabled.
 %&-line parsing enabled.
**Report.tex
(./Report.tex
LaTeX2e <2023-11-01> patch level 1
L3 programming layer <2024-02-20>
(/usr/local/texlive/2024/texmf-dist/tex/latex/base/article.cls
Document Class: article 2023/05/17 v1.4n Standard LaTeX document class
(/usr/local/texlive/2024/texmf-dist/tex/latex/base/size10.clo
File: size10.clo 2023/05/17 v1.4n Standard LaTeX file (size option)
)
\c@part=\count188
\c@section=\count189
\c@subsection=\count190
\c@subsubsection=\count191
\c@paragraph=\count192
\c@subparagraph=\count193
\c@figure=\count194
\c@table=\count195
\abovecaptionskip=\skip48
\belowcaptionskip=\skip49
\bibindent=\dimen140
)
(/usr/local/texlive/2024/texmf-dist/tex/latex/base/inputenc.sty
Package: inputenc 2021/02/14 v1.3d Input encoding file
\inpenc@prehook=\toks17
\inpenc@posthook=\toks18
)
(/usr/local/texlive/2024/texmf-dist/tex/latex/geometry/geometry.sty
Package: geometry 2020/01/02 v5.9 Page Geometry

(/usr/local/texlive/2024/texmf-dist/tex/latex/graphics/keyval.sty
Package: keyval 2022/05/29 v1.15 key=value parser (DPC)
\KV@toks@=\toks19
)
(/usr/local/texlive/2024/texmf-dist/tex/generic/iftex/ifvtex.sty
Package: ifvtex 2019/10/25 v1.7 ifvtex legacy package. Use iftex instead.

(/usr/local/texlive/2024/texmf-dist/tex/generic/iftex/iftex.sty
Package: iftex 2022/02/03 v1.0f TeX engine tests
))
\Gm@cnth=\count196
\Gm@cntv=\count197
\c@Gm@tempcnt=\count198
\Gm@bindingoffset=\dimen141
\Gm@wd@mp=\dimen142
\Gm@odd@mp=\dimen143
\Gm@even@mp=\dimen144
\Gm@layoutwidth=\dimen145
\Gm@layoutheight=\dimen146
\Gm@layouthoffset=\dimen147
\Gm@layoutvoffset=\dimen148
\Gm@dimlist=\toks20
)
(/usr/local/texlive/2024/texmf-dist/tex/latex/graphics/graphicx.sty
Package: graphicx 2021/09/16 v1.2d Enhanced LaTeX Graphics (DPC,SPQR)

(/usr/local/texlive/2024/texmf-dist/tex/latex/graphics/graphics.sty
Package: graphics 2022/03/10 v1.4e Standard LaTeX Graphics (DPC,SPQR)

(/usr/local/texlive/2024/texmf-dist/tex/latex/graphics/trig.sty
Package: trig 2021/08/11 v1.11 sin cos tan (DPC)
)
(/usr/local/texlive/2024/texmf-dist/tex/latex/graphics-cfg/graphics.cfg
File: graphics.cfg 2016/06/04 v1.11 sample graphics configuration
)
Package graphics Info: Driver file: pdftex.def on input line 107.

(/usr/local/texlive/2024/texmf-dist/tex/latex/graphics-def/pdftex.def
File: pdftex.def 2022/09/22 v1.2b Graphics/color driver for pdftex
))
\Gin@req@height=\dimen149
\Gin@req@width=\dimen150
)
(/usr/local/texlive/2024/texmf-dist/tex/latex/caption/caption.sty
Package: caption 2023/08/05 v3.6o Customizing captions (AR)

(/usr/local/texlive/2024/texmf-dist/tex/latex/caption/caption3.sty
Package: caption3 2023/07/31 v2.4d caption3 kernel (AR)
\caption@tempdima=\dimen151
\captionmargin=\dimen152
\caption@leftmargin=\dimen153
\caption@rightmargin=\dimen154
\caption@width=\dimen155
\caption@indent=\dimen156
\caption@parindent=\dimen157
\caption@hangindent=\dimen158
Package caption Info: Standard document class detected.
)
\c@caption@flags=\count199
\c@continuedfloat=\count266
)
(/usr/local/texlive/2024/texmf-dist/tex/latex/caption/subcaption.sty
Package: subcaption 2023/07/28 v1.6b Sub-captions (AR)
Package caption Info: New subtype `subfigure' on input line 238.
\c@subfigure=\count267
Package caption Info: New subtype `subtable' on input line 238.
\c@subtable=\count268
)
(/usr/local/texlive/2024/texmf-dist/tex/latex/amsmath/amsmath.sty
Package: amsmath 2023/05/13 v2.17o AMS math features
\@mathmargin=\skip50

For additional information on amsmath, use the `?' option.
(/usr/local/texlive/2024/texmf-dist/tex/latex/amsmath/amstext.sty
Package: amstext 2021/08/26 v2.01 AMS text

(/usr/local/texlive/2024/texmf-dist/tex/latex/amsmath/amsgen.sty
File: amsgen.sty 1999/11/30 v2.0 generic functions
\@emptytoks=\toks21
\ex@=\dimen159
))
(/usr/local/texlive/2024/texmf-dist/tex/latex/amsmath/amsbsy.sty
Package: amsbsy 1999/11/29 v1.2d Bold Symbols
\pmbraise@=\dimen160
)
(/usr/local/texlive/2024/texmf-dist/tex/latex/amsmath/amsopn.sty
Package: amsopn 2022/04/08 v2.04 operator names
)
\inf@bad=\count269
LaTeX Info: Redefining \frac on input line 234.
\uproot@=\count270
\leftroot@=\count271
LaTeX Info: Redefining \overline on input line 399.
LaTeX Info: Redefining \colon on input line 410.
\classnum@=\count272
\DOTSCASE@=\count273
LaTeX Info: Redefining \ldots on input line 496.
LaTeX Info: Redefining \dots on input line 499.
LaTeX Info: Redefining \cdots on input line 620.
\Mathstrutbox@=\box51
\strutbox@=\box52
LaTeX Info: Redefining \big on input line 722.
LaTeX Info: Redefining \Big on input line 723.
LaTeX Info: Redefining \bigg on input line 724.
LaTeX Info: Redefining \Bigg on input line 725.
\big@size=\dimen161
LaTeX Font Info:    Redeclaring font encoding OML on input line 743.
LaTeX Font Info:    Redeclaring font encoding OMS on input line 744.
\macc@depth=\count274
LaTeX Info: Redefining \bmod on input line 905.
LaTeX Info: Redefining \pmod on input line 910.
LaTeX Info: Redefining \smash on input line 940.
LaTeX Info: Redefining \relbar on input line 970.
LaTeX Info: Redefining \Relbar on input line 971.
\c@MaxMatrixCols=\count275
\dotsspace@=\muskip16
\c@parentequation=\count276
\dspbrk@lvl=\count277
\tag@help=\toks22
\row@=\count278
\column@=\count279
\maxfields@=\count280
\andhelp@=\toks23
\eqnshift@=\dimen162
\alignsep@=\dimen163
\tagshift@=\dimen164
\tagwidth@=\dimen165
\totwidth@=\dimen166
\lineht@=\dimen167
\@envbody=\toks24
\multlinegap=\skip51
\multlinetaggap=\skip52
\mathdisplay@stack=\toks25
LaTeX Info: Redefining \[ on input line 2953.
LaTeX Info: Redefining \] on input line 2954.
)
(/usr/local/texlive/2024/texmf-dist/tex/latex/booktabs/booktabs.sty
Package: booktabs 2020/01/12 v1.61803398 Publication quality tables
\heavyrulewidth=\dimen168
\lightrulewidth=\dimen169
\cmidrulewidth=\dimen170
\belowrulesep=\dimen171
\belowbottomsep=\dimen172
\aboverulesep=\dimen173
\abovetopsep=\dimen174
\cmidrulesep=\dimen175
\cmidrulekern=\dimen176
\defaultaddspace=\dimen177
\@cmidla=\count281
\@cmidlb=\count282
\@aboverulesep=\dimen178
\@belowrulesep=\dimen179
\@thisruleclass=\count283
\@lastruleclass=\count284
\@thisrulewidth=\dimen180
)
(/usr/local/texlive/2024/texmf-dist/tex/latex/float/float.sty
Package: float 2001/11/08 v1.3d Float enhancements (AL)
\c@float@type=\count285
\float@exts=\toks26
\float@box=\box53
\@float@everytoks=\toks27
\@floatcapt=\box54
)
(/usr/local/texlive/2024/texmf-dist/tex/latex/hyperref/hyperref.sty
Package: hyperref 2024-01-20 v7.01h Hypertext links for LaTeX

(/usr/local/texlive/2024/texmf-dist/tex/latex/kvsetkeys/kvsetkeys.sty
Package: kvsetkeys 2022-10-05 v1.19 Key value parser (HO)
)
(/usr/local/texlive/2024/texmf-dist/tex/generic/kvdefinekeys/kvdefinekeys.sty
Package: kvdefinekeys 2019-12-19 v1.6 Define keys (HO)
)
(/usr/local/texlive/2024/texmf-dist/tex/generic/pdfescape/pdfescape.sty
Package: pdfescape 2019/12/09 v1.15 Implements pdfTeX's escape features (HO)

(/usr/local/texlive/2024/texmf-dist/tex/generic/ltxcmds/ltxcmds.sty
Package: ltxcmds 2023-12-04 v1.26 LaTeX kernel commands for general use (HO)
)
(/usr/local/texlive/2024/texmf-dist/tex/generic/pdftexcmds/pdftexcmds.sty
Package: pdftexcmds 2020-06-27 v0.33 Utility functions of pdfTeX for LuaTeX (HO
)

(/usr/local/texlive/2024/texmf-dist/tex/generic/infwarerr/infwarerr.sty
Package: infwarerr 2019/12/03 v1.5 Providing info/warning/error messages (HO)
)
Package pdftexcmds Info: \pdf@primitive is available.
Package pdftexcmds Info: \pdf@ifprimitive is available.
Package pdftexcmds Info: \pdfdraftmode found.
))
(/usr/local/texlive/2024/texmf-dist/tex/latex/hycolor/hycolor.sty
Package: hycolor 2020-01-27 v1.10 Color options for hyperref/bookmark (HO)
)
(/usr/local/texlive/2024/texmf-dist/tex/latex/auxhook/auxhook.sty
Package: auxhook 2019-12-17 v1.6 Hooks for auxiliary files (HO)
)
(/usr/local/texlive/2024/texmf-dist/tex/latex/hyperref/nameref.sty
Package: nameref 2023-11-26 v2.56 Cross-referencing by name of section

(/usr/local/texlive/2024/texmf-dist/tex/latex/refcount/refcount.sty
Package: refcount 2019/12/15 v3.6 Data extraction from label references (HO)
)
(/usr/local/texlive/2024/texmf-dist/tex/generic/gettitlestring/gettitlestring.s
ty
Package: gettitlestring 2019/12/15 v1.6 Cleanup title references (HO)
 (/usr/local/texlive/2024/texmf-dist/tex/latex/kvoptions/kvoptions.sty
Package: kvoptions 2022-06-15 v3.15 Key value format for package options (HO)
))
\c@section@level=\count286
)
(/usr/local/texlive/2024/texmf-dist/tex/latex/etoolbox/etoolbox.sty
Package: etoolbox 2020/10/05 v2.5k e-TeX tools for LaTeX (JAW)
\etb@tempcnta=\count287
)
\@linkdim=\dimen181
\Hy@linkcounter=\count288
\Hy@pagecounter=\count289

(/usr/local/texlive/2024/texmf-dist/tex/latex/hyperref/pd1enc.def
File: pd1enc.def 2024-01-20 v7.01h Hyperref: PDFDocEncoding definition (HO)
Now handling font encoding PD1 ...
... no UTF-8 mapping file for font encoding PD1
)
(/usr/local/texlive/2024/texmf-dist/tex/generic/intcalc/intcalc.sty
Package: intcalc 2019/12/15 v1.3 Expandable calculations with integers (HO)
)
\Hy@SavedSpaceFactor=\count290

(/usr/local/texlive/2024/texmf-dist/tex/latex/hyperref/puenc.def
File: puenc.def 2024-01-20 v7.01h Hyperref: PDF Unicode definition (HO)
Now handling font encoding PU ...
... no UTF-8 mapping file for font encoding PU
)
Package hyperref Info: Option `colorlinks' set `true' on input line 4062.
Package hyperref Info: Hyper figures OFF on input line 4179.
Package hyperref Info: Link nesting OFF on input line 4184.
Package hyperref Info: Hyper index ON on input line 4187.
Package hyperref Info: Plain pages OFF on input line 4194.
Package hyperref Info: Backreferencing OFF on input line 4199.
Package hyperref Info: Implicit mode ON; LaTeX internals redefined.
Package hyperref Info: Bookmarks ON on input line 4446.
\c@Hy@tempcnt=\count291

(/usr/local/texlive/2024/texmf-dist/tex/latex/url/url.sty
\Urlmuskip=\muskip17
Package: url 2013/09/16  ver 3.4  Verb mode for urls, etc.
)
LaTeX Info: Redefining \url on input line 4784.
\XeTeXLinkMargin=\dimen182

(/usr/local/texlive/2024/texmf-dist/tex/generic/bitset/bitset.sty
Package: bitset 2019/12/09 v1.3 Handle bit-vector datatype (HO)

(/usr/local/texlive/2024/texmf-dist/tex/generic/bigintcalc/bigintcalc.sty
Package: bigintcalc 2019/12/15 v1.5 Expandable calculations on big integers (HO
)
))
\Fld@menulength=\count292
\Field@Width=\dimen183
\Fld@charsize=\dimen184
Package hyperref Info: Hyper figures OFF on input line 6063.
Package hyperref Info: Link nesting OFF on input line 6068.
Package hyperref Info: Hyper index ON on input line 6071.
Package hyperref Info: backreferencing OFF on input line 6078.
Package hyperref Info: Link coloring ON on input line 6081.
Package hyperref Info: Link coloring with OCG OFF on input line 6088.
Package hyperref Info: PDF/A mode OFF on input line 6093.

(/usr/local/texlive/2024/texmf-dist/tex/latex/base/atbegshi-ltx.sty
Package: atbegshi-ltx 2021/01/10 v1.0c Emulation of the original atbegshi
package with kernel methods
)
\Hy@abspage=\count293
\c@Item=\count294
\c@Hfootnote=\count295
)
Package hyperref Info: Driver (autodetected): hpdftex.

(/usr/local/texlive/2024/texmf-dist/tex/latex/hyperref/hpdftex.def
File: hpdftex.def 2024-01-20 v7.01h Hyperref driver for pdfTeX

(/usr/local/texlive/2024/texmf-dist/tex/latex/base/atveryend-ltx.sty
Package: atveryend-ltx 2020/08/19 v1.0a Emulation of the original atveryend pac
kage
with kernel methods
)
\Fld@listcount=\count296
\c@bookmark@seq@number=\count297

(/usr/local/texlive/2024/texmf-dist/tex/latex/rerunfilecheck/rerunfilecheck.sty
Package: rerunfilecheck 2022-07-10 v1.10 Rerun checks for auxiliary files (HO)

(/usr/local/texlive/2024/texmf-dist/tex/generic/uniquecounter/uniquecounter.sty
Package: uniquecounter 2019/12/15 v1.4 Provide unlimited unique counter (HO)
)
Package uniquecounter Info: New unique counter `rerunfilecheck' on input line 2
85.
)
\Hy@SectionHShift=\skip53
) (/usr/local/texlive/2024/texmf-dist/tex/latex/cleveref/cleveref.sty
Package: cleveref 2018/03/27 v0.21.4 Intelligent cross-referencing
Package cleveref Info: `hyperref' support loaded on input line 2370.
LaTeX Info: Redefining \cref on input line 2370.
LaTeX Info: Redefining \Cref on input line 2370.
LaTeX Info: Redefining \crefrange on input line 2370.
LaTeX Info: Redefining \Crefrange on input line 2370.
LaTeX Info: Redefining \cpageref on input line 2370.
LaTeX Info: Redefining \Cpageref on input line 2370.
LaTeX Info: Redefining \cpagerefrange on input line 2370.
LaTeX Info: Redefining \Cpagerefrange on input line 2370.
LaTeX Info: Redefining \labelcref on input line 2370.
LaTeX Info: Redefining \labelcpageref on input line 2370.
)
(/usr/local/texlive/2024/texmf-dist/tex/latex/l3backend/l3backend-pdftex.def
File: l3backend-pdftex.def 2024-02-20 L3 backend support: PDF output (pdfTeX)
\l__color_backend_stack_int=\count298
\l__pdf_internal_box=\box55
)
(./Report.aux

LaTeX Warning: Label `tab:Auto_MPG_(In-Sample)' multiply defined.


LaTeX Warning: Label `tab:Auto_MPG_(In-Sample)@cref' multiply defined.


LaTeX Warning: Label `fig:cnn1' multiply defined.


LaTeX Warning: Label `fig:cnn1@cref' multiply defined.


LaTeX Warning: Label `tab:California_Housing_(In-Sample)' multiply defined.


LaTeX Warning: Label `tab:California_Housing_(In-Sample)@cref' multiply defined
.


LaTeX Warning: Label `fig:cnn1' multiply defined.


LaTeX Warning: Label `fig:cnn1@cref' multiply defined.


LaTeX Warning: Label `fig:cnn1' multiply defined.


LaTeX Warning: Label `fig:cnn1@cref' multiply defined.


LaTeX Warning: Label `tab:Insurance_Charges_(In-Sample)' multiply defined.


LaTeX Warning: Label `tab:Insurance_Charges_(In-Sample)@cref' multiply defined.



LaTeX Warning: Label `fig:cnn1' multiply defined.


LaTeX Warning: Label `fig:cnn1@cref' multiply defined.


LaTeX Warning: Label `fig:cnn1' multiply defined.


LaTeX Warning: Label `fig:cnn1@cref' multiply defined.

)
\openout1 = `Report.aux'.

LaTeX Font Info:    Checking defaults for OML/cmm/m/it on input line 17.
LaTeX Font Info:    ... okay on input line 17.
LaTeX Font Info:    Checking defaults for OMS/cmsy/m/n on input line 17.
LaTeX Font Info:    ... okay on input line 17.
LaTeX Font Info:    Checking defaults for OT1/cmr/m/n on input line 17.
LaTeX Font Info:    ... okay on input line 17.
LaTeX Font Info:    Checking defaults for T1/cmr/m/n on input line 17.
LaTeX Font Info:    ... okay on input line 17.
LaTeX Font Info:    Checking defaults for TS1/cmr/m/n on input line 17.
LaTeX Font Info:    ... okay on input line 17.
LaTeX Font Info:    Checking defaults for OMX/cmex/m/n on input line 17.
LaTeX Font Info:    ... okay on input line 17.
LaTeX Font Info:    Checking defaults for U/cmr/m/n on input line 17.
LaTeX Font Info:    ... okay on input line 17.
LaTeX Font Info:    Checking defaults for PD1/pdf/m/n on input line 17.
LaTeX Font Info:    ... okay on input line 17.
LaTeX Font Info:    Checking defaults for PU/pdf/m/n on input line 17.
LaTeX Font Info:    ... okay on input line 17.

*geometry* driver: auto-detecting
*geometry* detected driver: pdftex
*geometry* verbose mode - [ preamble ] result:
* driver: pdftex
* paper: <default>
* layout: <same size as paper>
* layoutoffset:(h,v)=(0.0pt,0.0pt)
* modes: 
* h-part:(L,W,R)=(28.45274pt, 557.38951pt, 28.45274pt)
* v-part:(T,H,B)=(56.9055pt, 681.15898pt, 56.9055pt)
* \paperwidth=614.295pt
* \paperheight=794.96999pt
* \textwidth=557.38951pt
* \textheight=681.15898pt
* \oddsidemargin=-43.81725pt
* \evensidemargin=-43.81725pt
* \topmargin=-52.36449pt
* \headheight=12.0pt
* \headsep=25.0pt
* \topskip=10.0pt
* \footskip=30.0pt
* \marginparwidth=65.0pt
* \marginparsep=11.0pt
* \columnsep=10.0pt
* \skip\footins=9.0pt plus 4.0pt minus 2.0pt
* \hoffset=0.0pt
* \voffset=0.0pt
* \mag=1000
* \@twocolumnfalse
* \@twosidefalse
* \@mparswitchfalse
* \@reversemarginfalse
* (1in=72.27pt=25.4mm, 1cm=28.453pt)

(/usr/local/texlive/2024/texmf-dist/tex/context/base/mkii/supp-pdf.mkii
[Loading MPS to PDF converter (version 2006.09.02).]
\scratchcounter=\count299
\scratchdimen=\dimen185
\scratchbox=\box56
\nofMPsegments=\count300
\nofMParguments=\count301
\everyMPshowfont=\toks28
\MPscratchCnt=\count302
\MPscratchDim=\dimen186
\MPnumerator=\count303
\makeMPintoPDFobject=\count304
\everyMPtoPDFconversion=\toks29
) (/usr/local/texlive/2024/texmf-dist/tex/latex/epstopdf-pkg/epstopdf-base.sty
Package: epstopdf-base 2020-01-24 v2.11 Base part for package epstopdf
Package epstopdf-base Info: Redefining graphics rule for `.eps' on input line 4
85.

(/usr/local/texlive/2024/texmf-dist/tex/latex/latexconfig/epstopdf-sys.cfg
File: epstopdf-sys.cfg 2010/07/13 v1.3 Configuration of (r)epstopdf for TeX Liv
e
))
Package caption Info: Begin \AtBeginDocument code.
Package caption Info: float package is loaded.
Package caption Info: hyperref package is loaded.
Package caption Info: End \AtBeginDocument code.

(/usr/local/texlive/2024/texmf-dist/tex/latex/graphics/color.sty
Package: color 2022/01/06 v1.3d Standard LaTeX Color (DPC)

(/usr/local/texlive/2024/texmf-dist/tex/latex/graphics-cfg/color.cfg
File: color.cfg 2016/01/02 v1.6 sample color configuration
)
Package color Info: Driver file: pdftex.def on input line 149.

(/usr/local/texlive/2024/texmf-dist/tex/latex/graphics/mathcolor.ltx))
Package hyperref Info: Link coloring ON on input line 17.

(./Report.out) (./Report.out)
\@outlinefile=\write3
\openout3 = `Report.out'.

<fig/CNN.png, id=123, 585.18625pt x 528.97626pt>
File: fig/CNN.png Graphic file (type png)
<use fig/CNN.png>
Package pdftex.def Info: fig/CNN.png  used on input line 38.
(pdftex.def)             Requested size: 306.56592pt x 277.12747pt.

Underfull \hbox (badness 10000) in paragraph at lines 44--49

 []


Underfull \hbox (badness 10000) in paragraph at lines 44--49

 []

[1

{/usr/local/texlive/2024/texmf-var/fonts/map/pdftex/updmap/pdftex.map}{/usr/loc
al/texlive/2024/texmf-dist/fonts/enc/dvips/cm-super/cm-super-ts1.enc} <./fig/CN
N.png>] [2]
<../Auto_MPG_P2/Scalation_2L_In_Sample.png, id=151, 1606.0pt x 1405.25pt>
File: ../Auto_MPG_P2/Scalation_2L_In_Sample.png Graphic file (type png)
<use ../Auto_MPG_P2/Scalation_2L_In_Sample.png>
Package pdftex.def Info: ../Auto_MPG_P2/Scalation_2L_In_Sample.png  used on inp
ut line 110.
(pdftex.def)             Requested size: 222.9524pt x 195.0826pt.
<../Auto_MPG_P2/Scalation_2L_80_20.png, id=152, 1606.0pt x 1405.25pt>
File: ../Auto_MPG_P2/Scalation_2L_80_20.png Graphic file (type png)
<use ../Auto_MPG_P2/Scalation_2L_80_20.png>
Package pdftex.def Info: ../Auto_MPG_P2/Scalation_2L_80_20.png  used on input l
ine 115.
(pdftex.def)             Requested size: 222.9524pt x 195.0826pt.
<../Auto_MPG_P2/PyTorch_2L_In_Sample.png, id=153, 722.7pt x 433.62pt>
File: ../Auto_MPG_P2/PyTorch_2L_In_Sample.png Graphic file (type png)
<use ../Auto_MPG_P2/PyTorch_2L_In_Sample.png>
Package pdftex.def Info: ../Auto_MPG_P2/PyTorch_2L_In_Sample.png  used on input
 line 123.
(pdftex.def)             Requested size: 273.12392pt x 163.87085pt.
<../Auto_MPG_P2/PyTorch_2L_80_20.png, id=154, 722.7pt x 433.62pt>
File: ../Auto_MPG_P2/PyTorch_2L_80_20.png Graphic file (type png)
<use ../Auto_MPG_P2/PyTorch_2L_80_20.png>
Package pdftex.def Info: ../Auto_MPG_P2/PyTorch_2L_80_20.png  used on input lin
e 128.
(pdftex.def)             Requested size: 273.12392pt x 163.87085pt.
 [3 <../Auto_MPG_P2/Scalation_2L_In_Sample.png (PNG copy)> <../Auto_MPG_P2/Scal
ation_2L_80_20.png (PNG copy)> <../Auto_MPG_P2/PyTorch_2L_In_Sample.png> <../Au
to_MPG_P2/PyTorch_2L_80_20.png>]
<../Auto_MPG_P2_Feature_Selection/Scalation_2L_rSq_Forward.png, id=161, 1686.3p
t x 1475.5125pt>
File: ../Auto_MPG_P2_Feature_Selection/Scalation_2L_rSq_Forward.png Graphic fil
e (type png)
<use ../Auto_MPG_P2_Feature_Selection/Scalation_2L_rSq_Forward.png>
Package pdftex.def Info: ../Auto_MPG_P2_Feature_Selection/Scalation_2L_rSq_Forw
ard.png  used on input line 147.
(pdftex.def)             Requested size: 222.9524pt x 195.06544pt.
<../Auto_MPG_P2_Feature_Selection/Scalation_2L_AIC_BIC_Forward.png, id=162, 168
6.3pt x 1475.5125pt>
File: ../Auto_MPG_P2_Feature_Selection/Scalation_2L_AIC_BIC_Forward.png Graphic
 file (type png)
<use ../Auto_MPG_P2_Feature_Selection/Scalation_2L_AIC_BIC_Forward.png>
Package pdftex.def Info: ../Auto_MPG_P2_Feature_Selection/Scalation_2L_AIC_BIC_
Forward.png  used on input line 152.
(pdftex.def)             Requested size: 222.9524pt x 195.06544pt.
<../Auto_MPG_P2_Feature_Selection/PyTorch_2L_rSq_Forward.png, id=163, 722.7pt x
 433.62pt>
File: ../Auto_MPG_P2_Feature_Selection/PyTorch_2L_rSq_Forward.png Graphic file 
(type png)
<use ../Auto_MPG_P2_Feature_Selection/PyTorch_2L_rSq_Forward.png>
Package pdftex.def Info: ../Auto_MPG_P2_Feature_Selection/PyTorch_2L_rSq_Forwar
d.png  used on input line 160.
(pdftex.def)             Requested size: 273.12392pt x 163.87085pt.
<../Auto_MPG_P2_Feature_Selection/PyTorch_2L_AIC_BIC_Forward.png, id=164, 722.7
pt x 433.62pt>
File: ../Auto_MPG_P2_Feature_Selection/PyTorch_2L_AIC_BIC_Forward.png Graphic f
ile (type png)
<use ../Auto_MPG_P2_Feature_Selection/PyTorch_2L_AIC_BIC_Forward.png>
Package pdftex.def Info: ../Auto_MPG_P2_Feature_Selection/PyTorch_2L_AIC_BIC_Fo
rward.png  used on input line 165.
(pdftex.def)             Requested size: 273.12392pt x 163.87085pt.
<../Auto_MPG_P2_Feature_Selection/Scalation_2L_rSq_Backward.png, id=165, 1686.3
pt x 1475.5125pt>
File: ../Auto_MPG_P2_Feature_Selection/Scalation_2L_rSq_Backward.png Graphic fi
le (type png)
<use ../Auto_MPG_P2_Feature_Selection/Scalation_2L_rSq_Backward.png>
Package pdftex.def Info: ../Auto_MPG_P2_Feature_Selection/Scalation_2L_rSq_Back
ward.png  used on input line 184.
(pdftex.def)             Requested size: 222.9524pt x 195.06544pt.
<../Auto_MPG_P2_Feature_Selection/Scalation_2L_AIC_BIC_Backward.png, id=166, 16
86.3pt x 1475.5125pt>
File: ../Auto_MPG_P2_Feature_Selection/Scalation_2L_AIC_BIC_Backward.png Graphi
c file (type png)
<use ../Auto_MPG_P2_Feature_Selection/Scalation_2L_AIC_BIC_Backward.png>
Package pdftex.def Info: ../Auto_MPG_P2_Feature_Selection/Scalation_2L_AIC_BIC_
Backward.png  used on input line 189.
(pdftex.def)             Requested size: 222.9524pt x 195.06544pt.
File: ../Auto_MPG_P2_Feature_Selection/PyTorch_2L_rSq_Forward.png Graphic file 
(type png)
<use ../Auto_MPG_P2_Feature_Selection/PyTorch_2L_rSq_Forward.png>
Package pdftex.def Info: ../Auto_MPG_P2_Feature_Selection/PyTorch_2L_rSq_Forwar
d.png  used on input line 197.
(pdftex.def)             Requested size: 273.12392pt x 163.87085pt.
File: ../Auto_MPG_P2_Feature_Selection/PyTorch_2L_AIC_BIC_Forward.png Graphic f
ile (type png)
<use ../Auto_MPG_P2_Feature_Selection/PyTorch_2L_AIC_BIC_Forward.png>
Package pdftex.def Info: ../Auto_MPG_P2_Feature_Selection/PyTorch_2L_AIC_BIC_Fo
rward.png  used on input line 202.
(pdftex.def)             Requested size: 273.12392pt x 163.87085pt.
 [4 <../Auto_MPG_P2_Feature_Selection/Scalation_2L_rSq_Forward.png (PNG copy)> 
<../Auto_MPG_P2_Feature_Selection/Scalation_2L_AIC_BIC_Forward.png (PNG copy)> 
<../Auto_MPG_P2_Feature_Selection/PyTorch_2L_rSq_Forward.png> <../Auto_MPG_P2_F
eature_Selection/PyTorch_2L_AIC_BIC_Forward.png>]
<../Auto_MPG_P2_Feature_Selection/Scalation_2L_rSq_Stepwise.png, id=175, 1686.3
pt x 1475.5125pt>
File: ../Auto_MPG_P2_Feature_Selection/Scalation_2L_rSq_Stepwise.png Graphic fi
le (type png)
<use ../Auto_MPG_P2_Feature_Selection/Scalation_2L_rSq_Stepwise.png>
Package pdftex.def Info: ../Auto_MPG_P2_Feature_Selection/Scalation_2L_rSq_Step
wise.png  used on input line 219.
(pdftex.def)             Requested size: 222.9524pt x 195.06544pt.
<../Auto_MPG_P2_Feature_Selection/Scalation_2L_AIC_BIC_Stepwise.png, id=176, 16
86.3pt x 1475.5125pt>
File: ../Auto_MPG_P2_Feature_Selection/Scalation_2L_AIC_BIC_Stepwise.png Graphi
c file (type png)
<use ../Auto_MPG_P2_Feature_Selection/Scalation_2L_AIC_BIC_Stepwise.png>
Package pdftex.def Info: ../Auto_MPG_P2_Feature_Selection/Scalation_2L_AIC_BIC_
Stepwise.png  used on input line 224.
(pdftex.def)             Requested size: 222.9524pt x 195.06544pt.
File: ../Auto_MPG_P2_Feature_Selection/PyTorch_2L_rSq_Forward.png Graphic file 
(type png)
<use ../Auto_MPG_P2_Feature_Selection/PyTorch_2L_rSq_Forward.png>
Package pdftex.def Info: ../Auto_MPG_P2_Feature_Selection/PyTorch_2L_rSq_Forwar
d.png  used on input line 232.
(pdftex.def)             Requested size: 273.12392pt x 163.87085pt.
File: ../Auto_MPG_P2_Feature_Selection/PyTorch_2L_AIC_BIC_Forward.png Graphic f
ile (type png)
<use ../Auto_MPG_P2_Feature_Selection/PyTorch_2L_AIC_BIC_Forward.png>
Package pdftex.def Info: ../Auto_MPG_P2_Feature_Selection/PyTorch_2L_AIC_BIC_Fo
rward.png  used on input line 237.
(pdftex.def)             Requested size: 273.12392pt x 163.87085pt.
 [5 <../Auto_MPG_P2_Feature_Selection/Scalation_2L_rSq_Backward.png (PNG copy)>
 <../Auto_MPG_P2_Feature_Selection/Scalation_2L_AIC_BIC_Backward.png (PNG copy)
>] [6 <../Auto_MPG_P2_Feature_Selection/Scalation_2L_rSq_Stepwise.png (PNG copy
)> <../Auto_MPG_P2_Feature_Selection/Scalation_2L_AIC_BIC_Stepwise.png (PNG cop
y)>]
<../Auto_MPG_P2/Scalation_3L_In_Sample.png, id=195, 1606.0pt x 1405.25pt>
File: ../Auto_MPG_P2/Scalation_3L_In_Sample.png Graphic file (type png)
<use ../Auto_MPG_P2/Scalation_3L_In_Sample.png>
Package pdftex.def Info: ../Auto_MPG_P2/Scalation_3L_In_Sample.png  used on inp
ut line 302.
(pdftex.def)             Requested size: 222.9524pt x 195.0826pt.
<../Auto_MPG_P2/Scalation_3L_80_20.png, id=196, 1606.0pt x 1405.25pt>
File: ../Auto_MPG_P2/Scalation_3L_80_20.png Graphic file (type png)
<use ../Auto_MPG_P2/Scalation_3L_80_20.png>
Package pdftex.def Info: ../Auto_MPG_P2/Scalation_3L_80_20.png  used on input l
ine 307.
(pdftex.def)             Requested size: 222.9524pt x 195.0826pt.
<../Auto_MPG_P2/PyTorch_3L_In_Sample.png, id=197, 722.7pt x 433.62pt>
File: ../Auto_MPG_P2/PyTorch_3L_In_Sample.png Graphic file (type png)
<use ../Auto_MPG_P2/PyTorch_3L_In_Sample.png>
Package pdftex.def Info: ../Auto_MPG_P2/PyTorch_3L_In_Sample.png  used on input
 line 315.
(pdftex.def)             Requested size: 273.12392pt x 163.87085pt.
<../Auto_MPG_P2/PyTorch_3L_80_20.png, id=198, 722.7pt x 433.62pt>
File: ../Auto_MPG_P2/PyTorch_3L_80_20.png Graphic file (type png)
<use ../Auto_MPG_P2/PyTorch_3L_80_20.png>
Package pdftex.def Info: ../Auto_MPG_P2/PyTorch_3L_80_20.png  used on input lin
e 320.
(pdftex.def)             Requested size: 273.12392pt x 163.87085pt.
 [7]
<../Auto_MPG_P2_Feature_Selection/Scalation_3L_rSq_Forward.png, id=204, 1686.3p
t x 1475.5125pt>
File: ../Auto_MPG_P2_Feature_Selection/Scalation_3L_rSq_Forward.png Graphic fil
e (type png)
<use ../Auto_MPG_P2_Feature_Selection/Scalation_3L_rSq_Forward.png>
Package pdftex.def Info: ../Auto_MPG_P2_Feature_Selection/Scalation_3L_rSq_Forw
ard.png  used on input line 339.
(pdftex.def)             Requested size: 222.9524pt x 195.06544pt.
<../Auto_MPG_P2_Feature_Selection/Scalation_3L_AIC_BIC_Forward.png, id=205, 168
6.3pt x 1475.5125pt>
File: ../Auto_MPG_P2_Feature_Selection/Scalation_3L_AIC_BIC_Forward.png Graphic
 file (type png)
<use ../Auto_MPG_P2_Feature_Selection/Scalation_3L_AIC_BIC_Forward.png>
Package pdftex.def Info: ../Auto_MPG_P2_Feature_Selection/Scalation_3L_AIC_BIC_
Forward.png  used on input line 344.
(pdftex.def)             Requested size: 222.9524pt x 195.06544pt.
<../Auto_MPG_P2_Feature_Selection/PyTorch_3L_rSq_Forward.png, id=206, 722.7pt x
 433.62pt>
File: ../Auto_MPG_P2_Feature_Selection/PyTorch_3L_rSq_Forward.png Graphic file 
(type png)
<use ../Auto_MPG_P2_Feature_Selection/PyTorch_3L_rSq_Forward.png>
Package pdftex.def Info: ../Auto_MPG_P2_Feature_Selection/PyTorch_3L_rSq_Forwar
d.png  used on input line 352.
(pdftex.def)             Requested size: 273.12392pt x 163.87085pt.
<../Auto_MPG_P2_Feature_Selection/PyTorch_3L_AIC_BIC_Forward.png, id=207, 722.7
pt x 433.62pt>
File: ../Auto_MPG_P2_Feature_Selection/PyTorch_3L_AIC_BIC_Forward.png Graphic f
ile (type png)
<use ../Auto_MPG_P2_Feature_Selection/PyTorch_3L_AIC_BIC_Forward.png>
Package pdftex.def Info: ../Auto_MPG_P2_Feature_Selection/PyTorch_3L_AIC_BIC_Fo
rward.png  used on input line 357.
(pdftex.def)             Requested size: 273.12392pt x 163.87085pt.
 [8 <../Auto_MPG_P2/Scalation_3L_In_Sample.png (PNG copy)> <../Auto_MPG_P2/Scal
ation_3L_80_20.png (PNG copy)> <../Auto_MPG_P2/PyTorch_3L_In_Sample.png> <../Au
to_MPG_P2/PyTorch_3L_80_20.png>]
<../Auto_MPG_P2_Feature_Selection/Scalation_3L_rSq_Backward.png, id=214, 1686.3
pt x 1475.5125pt>
File: ../Auto_MPG_P2_Feature_Selection/Scalation_3L_rSq_Backward.png Graphic fi
le (type png)
<use ../Auto_MPG_P2_Feature_Selection/Scalation_3L_rSq_Backward.png>
Package pdftex.def Info: ../Auto_MPG_P2_Feature_Selection/Scalation_3L_rSq_Back
ward.png  used on input line 374.
(pdftex.def)             Requested size: 222.9524pt x 195.06544pt.
<../Auto_MPG_P2_Feature_Selection/Scalation_3L_AIC_BIC_Backward.png, id=215, 16
86.3pt x 1475.5125pt>
File: ../Auto_MPG_P2_Feature_Selection/Scalation_3L_AIC_BIC_Backward.png Graphi
c file (type png)
<use ../Auto_MPG_P2_Feature_Selection/Scalation_3L_AIC_BIC_Backward.png>
Package pdftex.def Info: ../Auto_MPG_P2_Feature_Selection/Scalation_3L_AIC_BIC_
Backward.png  used on input line 379.
(pdftex.def)             Requested size: 222.9524pt x 195.06544pt.
File: ../Auto_MPG_P2_Feature_Selection/PyTorch_3L_rSq_Forward.png Graphic file 
(type png)
<use ../Auto_MPG_P2_Feature_Selection/PyTorch_3L_rSq_Forward.png>
Package pdftex.def Info: ../Auto_MPG_P2_Feature_Selection/PyTorch_3L_rSq_Forwar
d.png  used on input line 387.
(pdftex.def)             Requested size: 273.12392pt x 163.87085pt.
File: ../Auto_MPG_P2_Feature_Selection/PyTorch_3L_AIC_BIC_Forward.png Graphic f
ile (type png)
<use ../Auto_MPG_P2_Feature_Selection/PyTorch_3L_AIC_BIC_Forward.png>
Package pdftex.def Info: ../Auto_MPG_P2_Feature_Selection/PyTorch_3L_AIC_BIC_Fo
rward.png  used on input line 392.
(pdftex.def)             Requested size: 273.12392pt x 163.87085pt.
 [9 <../Auto_MPG_P2_Feature_Selection/Scalation_3L_rSq_Forward.png (PNG copy)> 
<../Auto_MPG_P2_Feature_Selection/Scalation_3L_AIC_BIC_Forward.png (PNG copy)> 
<../Auto_MPG_P2_Feature_Selection/PyTorch_3L_rSq_Forward.png> <../Auto_MPG_P2_F
eature_Selection/PyTorch_3L_AIC_BIC_Forward.png>]
<../Auto_MPG_P2_Feature_Selection/Scalation_3L_rSq_Stepwise.png, id=223, 1686.3
pt x 1475.5125pt>
File: ../Auto_MPG_P2_Feature_Selection/Scalation_3L_rSq_Stepwise.png Graphic fi
le (type png)
<use ../Auto_MPG_P2_Feature_Selection/Scalation_3L_rSq_Stepwise.png>
Package pdftex.def Info: ../Auto_MPG_P2_Feature_Selection/Scalation_3L_rSq_Step
wise.png  used on input line 409.
(pdftex.def)             Requested size: 222.9524pt x 195.06544pt.
<../Auto_MPG_P2_Feature_Selection/Scalation_3L_AIC_BIC_Stepwise.png, id=224, 16
86.3pt x 1475.5125pt>
File: ../Auto_MPG_P2_Feature_Selection/Scalation_3L_AIC_BIC_Stepwise.png Graphi
c file (type png)
<use ../Auto_MPG_P2_Feature_Selection/Scalation_3L_AIC_BIC_Stepwise.png>
Package pdftex.def Info: ../Auto_MPG_P2_Feature_Selection/Scalation_3L_AIC_BIC_
Stepwise.png  used on input line 414.
(pdftex.def)             Requested size: 222.9524pt x 195.06544pt.
File: ../Auto_MPG_P2_Feature_Selection/PyTorch_3L_rSq_Forward.png Graphic file 
(type png)
<use ../Auto_MPG_P2_Feature_Selection/PyTorch_3L_rSq_Forward.png>
Package pdftex.def Info: ../Auto_MPG_P2_Feature_Selection/PyTorch_3L_rSq_Forwar
d.png  used on input line 422.
(pdftex.def)             Requested size: 273.12392pt x 163.87085pt.
File: ../Auto_MPG_P2_Feature_Selection/PyTorch_3L_AIC_BIC_Forward.png Graphic f
ile (type png)
<use ../Auto_MPG_P2_Feature_Selection/PyTorch_3L_AIC_BIC_Forward.png>
Package pdftex.def Info: ../Auto_MPG_P2_Feature_Selection/PyTorch_3L_AIC_BIC_Fo
rward.png  used on input line 427.
(pdftex.def)             Requested size: 273.12392pt x 163.87085pt.
 [10 <../Auto_MPG_P2_Feature_Selection/Scalation_3L_rSq_Backward.png (PNG copy)
> <../Auto_MPG_P2_Feature_Selection/Scalation_3L_AIC_BIC_Backward.png (PNG copy
)>] [11 <../Auto_MPG_P2_Feature_Selection/Scalation_3L_rSq_Stepwise.png (PNG co
py)> <../Auto_MPG_P2_Feature_Selection/Scalation_3L_AIC_BIC_Stepwise.png (PNG c
opy)>]
<../Auto_MPG_P2/PyTorch_4L_In_Sample.png, id=239, 722.7pt x 433.62pt>
File: ../Auto_MPG_P2/PyTorch_4L_In_Sample.png Graphic file (type png)
<use ../Auto_MPG_P2/PyTorch_4L_In_Sample.png>
Package pdftex.def Info: ../Auto_MPG_P2/PyTorch_4L_In_Sample.png  used on input
 line 467.
(pdftex.def)             Requested size: 273.12392pt x 163.87085pt.
<../Auto_MPG_P2/PyTorch_4L_80_20.png, id=240, 722.7pt x 433.62pt>
File: ../Auto_MPG_P2/PyTorch_4L_80_20.png Graphic file (type png)
<use ../Auto_MPG_P2/PyTorch_4L_80_20.png>
Package pdftex.def Info: ../Auto_MPG_P2/PyTorch_4L_80_20.png  used on input lin
e 472.
(pdftex.def)             Requested size: 273.12392pt x 163.87085pt.
 [12 <../Auto_MPG_P2/PyTorch_4L_In_Sample.png> <../Auto_MPG_P2/PyTorch_4L_80_20
.png>]
<fig/a1.png, id=247, 570.933pt x 354.123pt>
File: fig/a1.png Graphic file (type png)
<use fig/a1.png>
Package pdftex.def Info: fig/a1.png  used on input line 531.
(pdftex.def)             Requested size: 278.69475pt x 172.86795pt.
<fig/a2.png, id=248, 570.933pt x 354.123pt>
File: fig/a2.png Graphic file (type png)
<use fig/a2.png>
Package pdftex.def Info: fig/a2.png  used on input line 532.
(pdftex.def)             Requested size: 278.69475pt x 172.86795pt.

Overfull \hbox (24.00002pt too wide) in paragraph at lines 530--536
 [][] 
 []

<fig/a3.png, id=249, 570.933pt x 354.123pt>
File: fig/a3.png Graphic file (type png)
<use fig/a3.png>
Package pdftex.def Info: fig/a3.png  used on input line 544.
(pdftex.def)             Requested size: 278.69475pt x 172.86795pt.
<fig/a4.png, id=250, 570.933pt x 354.123pt>
File: fig/a4.png Graphic file (type png)
<use fig/a4.png>
Package pdftex.def Info: fig/a4.png  used on input line 545.
(pdftex.def)             Requested size: 278.69475pt x 172.86795pt.

Overfull \hbox (24.00002pt too wide) in paragraph at lines 543--549
 [][] 
 []


LaTeX Warning: `h' float specifier changed to `ht'.

[13 <./fig/a1.png> <./fig/a2.png>] [14 <./fig/a3.png> <./fig/a4.png>]
<../Housing_P2/Scalation_2L_In_Sample.png, id=274, 1606.0pt x 1405.25pt>
File: ../Housing_P2/Scalation_2L_In_Sample.png Graphic file (type png)
<use ../Housing_P2/Scalation_2L_In_Sample.png>
Package pdftex.def Info: ../Housing_P2/Scalation_2L_In_Sample.png  used on inpu
t line 614.
(pdftex.def)             Requested size: 222.9524pt x 195.0826pt.
<../Housing_P2/Scalation_2L_80_20.png, id=275, 1606.0pt x 1405.25pt>
File: ../Housing_P2/Scalation_2L_80_20.png Graphic file (type png)
<use ../Housing_P2/Scalation_2L_80_20.png>
Package pdftex.def Info: ../Housing_P2/Scalation_2L_80_20.png  used on input li
ne 619.
(pdftex.def)             Requested size: 222.9524pt x 195.0826pt.
<../Housing_P2/PyTorch_2L_In_Sample.png, id=276, 722.7pt x 433.62pt>
File: ../Housing_P2/PyTorch_2L_In_Sample.png Graphic file (type png)
<use ../Housing_P2/PyTorch_2L_In_Sample.png>
Package pdftex.def Info: ../Housing_P2/PyTorch_2L_In_Sample.png  used on input 
line 627.
(pdftex.def)             Requested size: 273.12392pt x 163.87085pt.
<../Housing_P2/PyTorch_2L_80_20.png, id=277, 722.7pt x 433.62pt>
File: ../Housing_P2/PyTorch_2L_80_20.png Graphic file (type png)
<use ../Housing_P2/PyTorch_2L_80_20.png>
Package pdftex.def Info: ../Housing_P2/PyTorch_2L_80_20.png  used on input line
 632.
(pdftex.def)             Requested size: 273.12392pt x 163.87085pt.
 [15 <../Housing_P2/Scalation_2L_In_Sample.png (PNG copy)> <../Housing_P2/Scala
tion_2L_80_20.png (PNG copy)> <../Housing_P2/PyTorch_2L_In_Sample.png> <../Hous
ing_P2/PyTorch_2L_80_20.png>]
<../Housing_P2_Feature_Selection/Scalation_2L_rSq_Forward.png, id=284, 1686.3pt
 x 1475.5125pt>
File: ../Housing_P2_Feature_Selection/Scalation_2L_rSq_Forward.png Graphic file
 (type png)
<use ../Housing_P2_Feature_Selection/Scalation_2L_rSq_Forward.png>
Package pdftex.def Info: ../Housing_P2_Feature_Selection/Scalation_2L_rSq_Forwa
rd.png  used on input line 649.
(pdftex.def)             Requested size: 222.9524pt x 195.06544pt.
<../Housing_P2_Feature_Selection/Scalation_2L_AIC_BIC_Forward.png, id=285, 1686
.3pt x 1475.5125pt>
File: ../Housing_P2_Feature_Selection/Scalation_2L_AIC_BIC_Forward.png Graphic 
file (type png)
<use ../Housing_P2_Feature_Selection/Scalation_2L_AIC_BIC_Forward.png>
Package pdftex.def Info: ../Housing_P2_Feature_Selection/Scalation_2L_AIC_BIC_F
orward.png  used on input line 654.
(pdftex.def)             Requested size: 222.9524pt x 195.06544pt.
<../Housing_P2_Feature_Selection/Scalation_2L_rSq_Backward.png, id=286, 1686.3p
t x 1475.5125pt>
File: ../Housing_P2_Feature_Selection/Scalation_2L_rSq_Backward.png Graphic fil
e (type png)
<use ../Housing_P2_Feature_Selection/Scalation_2L_rSq_Backward.png>
Package pdftex.def Info: ../Housing_P2_Feature_Selection/Scalation_2L_rSq_Backw
ard.png  used on input line 682.
(pdftex.def)             Requested size: 222.9524pt x 195.06544pt.
<../Housing_P2_Feature_Selection/Scalation_2L_AIC_BIC_Backward.png, id=287, 168
6.3pt x 1475.5125pt>
File: ../Housing_P2_Feature_Selection/Scalation_2L_AIC_BIC_Backward.png Graphic
 file (type png)
<use ../Housing_P2_Feature_Selection/Scalation_2L_AIC_BIC_Backward.png>
Package pdftex.def Info: ../Housing_P2_Feature_Selection/Scalation_2L_AIC_BIC_B
ackward.png  used on input line 687.
(pdftex.def)             Requested size: 222.9524pt x 195.06544pt.
<../Housing_P2_Feature_Selection/Scalation_2L_rSq_Stepwise.png, id=288, 1686.3p
t x 1475.5125pt>
File: ../Housing_P2_Feature_Selection/Scalation_2L_rSq_Stepwise.png Graphic fil
e (type png)
<use ../Housing_P2_Feature_Selection/Scalation_2L_rSq_Stepwise.png>
Package pdftex.def Info: ../Housing_P2_Feature_Selection/Scalation_2L_rSq_Stepw
ise.png  used on input line 715.
(pdftex.def)             Requested size: 222.9524pt x 195.06544pt.
<../Housing_P2_Feature_Selection/Scalation_2L_AIC_BIC_Stepwise.png, id=289, 168
6.3pt x 1475.5125pt>
File: ../Housing_P2_Feature_Selection/Scalation_2L_AIC_BIC_Stepwise.png Graphic
 file (type png)
<use ../Housing_P2_Feature_Selection/Scalation_2L_AIC_BIC_Stepwise.png>
Package pdftex.def Info: ../Housing_P2_Feature_Selection/Scalation_2L_AIC_BIC_S
tepwise.png  used on input line 720.
(pdftex.def)             Requested size: 222.9524pt x 195.06544pt.
 [16 <../Housing_P2_Feature_Selection/Scalation_2L_rSq_Forward.png (PNG copy)> 
<../Housing_P2_Feature_Selection/Scalation_2L_AIC_BIC_Forward.png (PNG copy)> <
../Housing_P2_Feature_Selection/Scalation_2L_rSq_Backward.png (PNG copy)> <../H
ousing_P2_Feature_Selection/Scalation_2L_AIC_BIC_Backward.png (PNG copy)>] [17 
<../Housing_P2_Feature_Selection/Scalation_2L_rSq_Stepwise.png (PNG copy)> <../
Housing_P2_Feature_Selection/Scalation_2L_AIC_BIC_Stepwise.png (PNG copy)>]
<../Housing_P2/Scalation_3L_In_Sample.png, id=307, 1606.0pt x 1405.25pt>
File: ../Housing_P2/Scalation_3L_In_Sample.png Graphic file (type png)
<use ../Housing_P2/Scalation_3L_In_Sample.png>
Package pdftex.def Info: ../Housing_P2/Scalation_3L_In_Sample.png  used on inpu
t line 798.
(pdftex.def)             Requested size: 222.9524pt x 195.0826pt.
<../Housing_P2/Scalation_3L_80_20.png, id=308, 1606.0pt x 1405.25pt>
File: ../Housing_P2/Scalation_3L_80_20.png Graphic file (type png)
<use ../Housing_P2/Scalation_3L_80_20.png>
Package pdftex.def Info: ../Housing_P2/Scalation_3L_80_20.png  used on input li
ne 803.
(pdftex.def)             Requested size: 222.9524pt x 195.0826pt.
<../Housing_P2/PyTorch_3L_In_Sample.png, id=309, 722.7pt x 433.62pt>
File: ../Housing_P2/PyTorch_3L_In_Sample.png Graphic file (type png)
<use ../Housing_P2/PyTorch_3L_In_Sample.png>
Package pdftex.def Info: ../Housing_P2/PyTorch_3L_In_Sample.png  used on input 
line 811.
(pdftex.def)             Requested size: 273.12392pt x 163.87085pt.
<../Housing_P2/PyTorch_3L_80_20.png, id=310, 722.7pt x 433.62pt>
File: ../Housing_P2/PyTorch_3L_80_20.png Graphic file (type png)
<use ../Housing_P2/PyTorch_3L_80_20.png>
Package pdftex.def Info: ../Housing_P2/PyTorch_3L_80_20.png  used on input line
 816.
(pdftex.def)             Requested size: 273.12392pt x 163.87085pt.
 [18 <../Housing_P2/Scalation_3L_In_Sample.png (PNG copy)> <../Housing_P2/Scala
tion_3L_80_20.png (PNG copy)> <../Housing_P2/PyTorch_3L_In_Sample.png> <../Hous
ing_P2/PyTorch_3L_80_20.png>]
<../Housing_P2_Feature_Selection/Scalation_3L_rSq_Forward.png, id=317, 1686.3pt
 x 1475.5125pt>
File: ../Housing_P2_Feature_Selection/Scalation_3L_rSq_Forward.png Graphic file
 (type png)
<use ../Housing_P2_Feature_Selection/Scalation_3L_rSq_Forward.png>
Package pdftex.def Info: ../Housing_P2_Feature_Selection/Scalation_3L_rSq_Forwa
rd.png  used on input line 835.
(pdftex.def)             Requested size: 222.9524pt x 195.06544pt.
<../Housing_P2_Feature_Selection/Scalation_3L_AIC_BIC_Forward.png, id=318, 1686
.3pt x 1475.5125pt>
File: ../Housing_P2_Feature_Selection/Scalation_3L_AIC_BIC_Forward.png Graphic 
file (type png)
<use ../Housing_P2_Feature_Selection/Scalation_3L_AIC_BIC_Forward.png>
Package pdftex.def Info: ../Housing_P2_Feature_Selection/Scalation_3L_AIC_BIC_F
orward.png  used on input line 840.
(pdftex.def)             Requested size: 222.9524pt x 195.06544pt.
<../Housing_P2_Feature_Selection/Scalation_3L_rSq_Backward.png, id=319, 1686.3p
t x 1475.5125pt>
File: ../Housing_P2_Feature_Selection/Scalation_3L_rSq_Backward.png Graphic fil
e (type png)
<use ../Housing_P2_Feature_Selection/Scalation_3L_rSq_Backward.png>
Package pdftex.def Info: ../Housing_P2_Feature_Selection/Scalation_3L_rSq_Backw
ard.png  used on input line 868.
(pdftex.def)             Requested size: 222.9524pt x 195.06544pt.
<../Housing_P2_Feature_Selection/Scalation_3L_AIC_BIC_Backward.png, id=320, 168
6.3pt x 1475.5125pt>
File: ../Housing_P2_Feature_Selection/Scalation_3L_AIC_BIC_Backward.png Graphic
 file (type png)
<use ../Housing_P2_Feature_Selection/Scalation_3L_AIC_BIC_Backward.png>
Package pdftex.def Info: ../Housing_P2_Feature_Selection/Scalation_3L_AIC_BIC_B
ackward.png  used on input line 873.
(pdftex.def)             Requested size: 222.9524pt x 195.06544pt.
 [19 <../Housing_P2_Feature_Selection/Scalation_3L_rSq_Forward.png (PNG copy)> 
<../Housing_P2_Feature_Selection/Scalation_3L_AIC_BIC_Forward.png (PNG copy)> <
../Housing_P2_Feature_Selection/Scalation_3L_rSq_Backward.png (PNG copy)> <../H
ousing_P2_Feature_Selection/Scalation_3L_AIC_BIC_Backward.png (PNG copy)>]
<../Housing_P2/PyTorch_4L_In_Sample.png, id=332, 722.7pt x 433.62pt>
File: ../Housing_P2/PyTorch_4L_In_Sample.png Graphic file (type png)
<use ../Housing_P2/PyTorch_4L_In_Sample.png>
Package pdftex.def Info: ../Housing_P2/PyTorch_4L_In_Sample.png  used on input 
line 960.
(pdftex.def)             Requested size: 273.12392pt x 163.87085pt.
<../Housing_P2/PyTorch_4L_80_20.png, id=333, 722.7pt x 433.62pt>
File: ../Housing_P2/PyTorch_4L_80_20.png Graphic file (type png)
<use ../Housing_P2/PyTorch_4L_80_20.png>
Package pdftex.def Info: ../Housing_P2/PyTorch_4L_80_20.png  used on input line
 965.
(pdftex.def)             Requested size: 273.12392pt x 163.87085pt.
 [20 <../Housing_P2/PyTorch_4L_In_Sample.png> <../Housing_P2/PyTorch_4L_80_20.p
ng>] [21]
<fig/ch1.png, id=346, 570.933pt x 354.123pt>
File: fig/ch1.png Graphic file (type png)
<use fig/ch1.png>
Package pdftex.def Info: fig/ch1.png  used on input line 1023.
(pdftex.def)             Requested size: 278.69475pt x 172.86795pt.
<fig/ch2.png, id=347, 570.933pt x 354.123pt>
File: fig/ch2.png Graphic file (type png)
<use fig/ch2.png>
Package pdftex.def Info: fig/ch2.png  used on input line 1024.
(pdftex.def)             Requested size: 278.69475pt x 172.86795pt.

Overfull \hbox (24.00002pt too wide) in paragraph at lines 1022--1028
 [][] 
 []

<fig/ch3.png, id=348, 570.933pt x 354.123pt>
File: fig/ch3.png Graphic file (type png)
<use fig/ch3.png>
Package pdftex.def Info: fig/ch3.png  used on input line 1036.
(pdftex.def)             Requested size: 278.69475pt x 172.86795pt.
<fig/ch4.png, id=349, 570.933pt x 354.123pt>
File: fig/ch4.png Graphic file (type png)
<use fig/ch4.png>
Package pdftex.def Info: fig/ch4.png  used on input line 1037.
(pdftex.def)             Requested size: 278.69475pt x 172.86795pt.

Overfull \hbox (24.00002pt too wide) in paragraph at lines 1035--1041
 [][] 
 []

[22 <./fig/ch1.png> <./fig/ch2.png> <./fig/ch3.png> <./fig/ch4.png>]
<../Insurance_P2/Scalation_2L_In_Sample.png, id=367, 1606.0pt x 1405.25pt>
File: ../Insurance_P2/Scalation_2L_In_Sample.png Graphic file (type png)
<use ../Insurance_P2/Scalation_2L_In_Sample.png>
Package pdftex.def Info: ../Insurance_P2/Scalation_2L_In_Sample.png  used on in
put line 1106.
(pdftex.def)             Requested size: 222.9524pt x 195.0826pt.
<../Insurance_P2/Scalation_2L_80_20.png, id=368, 1606.0pt x 1405.25pt>
File: ../Insurance_P2/Scalation_2L_80_20.png Graphic file (type png)
<use ../Insurance_P2/Scalation_2L_80_20.png>
Package pdftex.def Info: ../Insurance_P2/Scalation_2L_80_20.png  used on input 
line 1111.
(pdftex.def)             Requested size: 222.9524pt x 195.0826pt.
<../Insurance_P2/PyTorch_2L_In_Sample.png, id=369, 722.7pt x 433.62pt>
File: ../Insurance_P2/PyTorch_2L_In_Sample.png Graphic file (type png)
<use ../Insurance_P2/PyTorch_2L_In_Sample.png>
Package pdftex.def Info: ../Insurance_P2/PyTorch_2L_In_Sample.png  used on inpu
t line 1119.
(pdftex.def)             Requested size: 273.12392pt x 163.87085pt.
<../Insurance_P2/PyTorch_2L_80_20.png, id=370, 722.7pt x 433.62pt>
File: ../Insurance_P2/PyTorch_2L_80_20.png Graphic file (type png)
<use ../Insurance_P2/PyTorch_2L_80_20.png>
Package pdftex.def Info: ../Insurance_P2/PyTorch_2L_80_20.png  used on input li
ne 1124.
(pdftex.def)             Requested size: 273.12392pt x 163.87085pt.
 [23]
<../Insurance_P2_Feature_Selection/Scalation_2L_rSq_Forward.png, id=375, 1686.3
pt x 1475.5125pt>
File: ../Insurance_P2_Feature_Selection/Scalation_2L_rSq_Forward.png Graphic fi
le (type png)
<use ../Insurance_P2_Feature_Selection/Scalation_2L_rSq_Forward.png>
Package pdftex.def Info: ../Insurance_P2_Feature_Selection/Scalation_2L_rSq_For
ward.png  used on input line 1143.
(pdftex.def)             Requested size: 222.9524pt x 195.06544pt.
<../Insurance_P2_Feature_Selection/Scalation_2L_AIC_BIC_Forward.png, id=376, 16
86.3pt x 1475.5125pt>
File: ../Insurance_P2_Feature_Selection/Scalation_2L_AIC_BIC_Forward.png Graphi
c file (type png)
<use ../Insurance_P2_Feature_Selection/Scalation_2L_AIC_BIC_Forward.png>
Package pdftex.def Info: ../Insurance_P2_Feature_Selection/Scalation_2L_AIC_BIC
_Forward.png  used on input line 1148.
(pdftex.def)             Requested size: 222.9524pt x 195.06544pt.
<../Insurance_P2_Feature_Selection/PyTorch_2L_rSq_Forward.png, id=377, 722.7pt 
x 433.62pt>
File: ../Insurance_P2_Feature_Selection/PyTorch_2L_rSq_Forward.png Graphic file
 (type png)
<use ../Insurance_P2_Feature_Selection/PyTorch_2L_rSq_Forward.png>
Package pdftex.def Info: ../Insurance_P2_Feature_Selection/PyTorch_2L_rSq_Forwa
rd.png  used on input line 1156.
(pdftex.def)             Requested size: 273.12392pt x 163.87085pt.
<../Insurance_P2_Feature_Selection/PyTorch_2L_AIC_BIC_Forward.png, id=378, 722.
7pt x 433.62pt>
File: ../Insurance_P2_Feature_Selection/PyTorch_2L_AIC_BIC_Forward.png Graphic 
file (type png)
<use ../Insurance_P2_Feature_Selection/PyTorch_2L_AIC_BIC_Forward.png>
Package pdftex.def Info: ../Insurance_P2_Feature_Selection/PyTorch_2L_AIC_BIC_F
orward.png  used on input line 1161.
(pdftex.def)             Requested size: 273.12392pt x 163.87085pt.

[24 <../Insurance_P2/Scalation_2L_In_Sample.png (PNG copy)> <../Insurance_P2/Sc
alation_2L_80_20.png (PNG copy)> <../Insurance_P2/PyTorch_2L_In_Sample.png> <..
/Insurance_P2/PyTorch_2L_80_20.png>]
<../Insurance_P2_Feature_Selection/Scalation_2L_rSq_Backward.png, id=385, 1686.
3pt x 1475.5125pt>
File: ../Insurance_P2_Feature_Selection/Scalation_2L_rSq_Backward.png Graphic f
ile (type png)
<use ../Insurance_P2_Feature_Selection/Scalation_2L_rSq_Backward.png>
Package pdftex.def Info: ../Insurance_P2_Feature_Selection/Scalation_2L_rSq_Bac
kward.png  used on input line 1178.
(pdftex.def)             Requested size: 222.9524pt x 195.06544pt.
<../Insurance_P2_Feature_Selection/Scalation_2L_AIC_BIC_Backward.png, id=386, 1
686.3pt x 1475.5125pt>
File: ../Insurance_P2_Feature_Selection/Scalation_2L_AIC_BIC_Backward.png Graph
ic file (type png)
<use ../Insurance_P2_Feature_Selection/Scalation_2L_AIC_BIC_Backward.png>
Package pdftex.def Info: ../Insurance_P2_Feature_Selection/Scalation_2L_AIC_BIC
_Backward.png  used on input line 1183.
(pdftex.def)             Requested size: 222.9524pt x 195.06544pt.
<../Insurance_P2_Feature_Selection/PyTorch_2L_rSq_Backward.png, id=387, 722.7pt
 x 433.62pt>
File: ../Insurance_P2_Feature_Selection/PyTorch_2L_rSq_Backward.png Graphic fil
e (type png)
<use ../Insurance_P2_Feature_Selection/PyTorch_2L_rSq_Backward.png>
Package pdftex.def Info: ../Insurance_P2_Feature_Selection/PyTorch_2L_rSq_Backw
ard.png  used on input line 1191.
(pdftex.def)             Requested size: 273.12392pt x 163.87085pt.
<../Insurance_P2_Feature_Selection/PyTorch_2L_AIC_BIC_Backward.png, id=388, 722
.7pt x 433.62pt>
File: ../Insurance_P2_Feature_Selection/PyTorch_2L_AIC_BIC_Backward.png Graphic
 file (type png)
<use ../Insurance_P2_Feature_Selection/PyTorch_2L_AIC_BIC_Backward.png>
Package pdftex.def Info: ../Insurance_P2_Feature_Selection/PyTorch_2L_AIC_BIC_B
ackward.png  used on input line 1196.
(pdftex.def)             Requested size: 273.12392pt x 163.87085pt.
 [25 <../Insurance_P2_Feature_Selection/Scalation_2L_rSq_Forward.png (PNG copy)
> <../Insurance_P2_Feature_Selection/Scalation_2L_AIC_BIC_Forward.png (PNG copy
)> <../Insurance_P2_Feature_Selection/PyTorch_2L_rSq_Forward.png> <../Insurance
_P2_Feature_Selection/PyTorch_2L_AIC_BIC_Forward.png>]
<../Insurance_P2_Feature_Selection/Scalation_2L_rSq_Stepwise.png, id=397, 1686.
3pt x 1475.5125pt>
File: ../Insurance_P2_Feature_Selection/Scalation_2L_rSq_Stepwise.png Graphic f
ile (type png)
<use ../Insurance_P2_Feature_Selection/Scalation_2L_rSq_Stepwise.png>
Package pdftex.def Info: ../Insurance_P2_Feature_Selection/Scalation_2L_rSq_Ste
pwise.png  used on input line 1213.
(pdftex.def)             Requested size: 222.9524pt x 195.06544pt.
<../Insurance_P2_Feature_Selection/Scalation_2L_AIC_BIC_Stepwise.png, id=398, 1
686.3pt x 1475.5125pt>
File: ../Insurance_P2_Feature_Selection/Scalation_2L_AIC_BIC_Stepwise.png Graph
ic file (type png)
<use ../Insurance_P2_Feature_Selection/Scalation_2L_AIC_BIC_Stepwise.png>
Package pdftex.def Info: ../Insurance_P2_Feature_Selection/Scalation_2L_AIC_BIC
_Stepwise.png  used on input line 1218.
(pdftex.def)             Requested size: 222.9524pt x 195.06544pt.
<../Insurance_P2_Feature_Selection/PyTorch_2L_rSq_Stepwise.png, id=399, 722.7pt
 x 433.62pt>
File: ../Insurance_P2_Feature_Selection/PyTorch_2L_rSq_Stepwise.png Graphic fil
e (type png)
<use ../Insurance_P2_Feature_Selection/PyTorch_2L_rSq_Stepwise.png>
Package pdftex.def Info: ../Insurance_P2_Feature_Selection/PyTorch_2L_rSq_Stepw
ise.png  used on input line 1226.
(pdftex.def)             Requested size: 273.12392pt x 163.87085pt.
<../Insurance_P2_Feature_Selection/PyTorch_2L_AIC_BIC_Stepwise.png, id=400, 722
.7pt x 433.62pt>
File: ../Insurance_P2_Feature_Selection/PyTorch_2L_AIC_BIC_Stepwise.png Graphic
 file (type png)
<use ../Insurance_P2_Feature_Selection/PyTorch_2L_AIC_BIC_Stepwise.png>
Package pdftex.def Info: ../Insurance_P2_Feature_Selection/PyTorch_2L_AIC_BIC_S
tepwise.png  used on input line 1231.
(pdftex.def)             Requested size: 273.12392pt x 163.87085pt.
 [26 <../Insurance_P2_Feature_Selection/Scalation_2L_rSq_Backward.png (PNG copy
)> <../Insurance_P2_Feature_Selection/Scalation_2L_AIC_BIC_Backward.png (PNG co
py)> <../Insurance_P2_Feature_Selection/PyTorch_2L_rSq_Backward.png> <../Insura
nce_P2_Feature_Selection/PyTorch_2L_AIC_BIC_Backward.png>] [27 <../Insurance_P2
_Feature_Selection/Scalation_2L_rSq_Stepwise.png (PNG copy)> <../Insurance_P2_F
eature_Selection/Scalation_2L_AIC_BIC_Stepwise.png (PNG copy)> <../Insurance_P2
_Feature_Selection/PyTorch_2L_rSq_Stepwise.png> <../Insurance_P2_Feature_Select
ion/PyTorch_2L_AIC_BIC_Stepwise.png>]
<../Insurance_P2/Scalation_3L_In_Sample.png, id=421, 1606.0pt x 1405.25pt>
File: ../Insurance_P2/Scalation_3L_In_Sample.png Graphic file (type png)
<use ../Insurance_P2/Scalation_3L_In_Sample.png>
Package pdftex.def Info: ../Insurance_P2/Scalation_3L_In_Sample.png  used on in
put line 1296.
(pdftex.def)             Requested size: 222.9524pt x 195.0826pt.
<../Insurance_P2/Scalation_3L_80_20.png, id=422, 1606.0pt x 1405.25pt>
File: ../Insurance_P2/Scalation_3L_80_20.png Graphic file (type png)
<use ../Insurance_P2/Scalation_3L_80_20.png>
Package pdftex.def Info: ../Insurance_P2/Scalation_3L_80_20.png  used on input 
line 1301.
(pdftex.def)             Requested size: 222.9524pt x 195.0826pt.
<../Insurance_P2/PyTorch_3L_In_Sample.png, id=423, 722.7pt x 433.62pt>
File: ../Insurance_P2/PyTorch_3L_In_Sample.png Graphic file (type png)
<use ../Insurance_P2/PyTorch_3L_In_Sample.png>
Package pdftex.def Info: ../Insurance_P2/PyTorch_3L_In_Sample.png  used on inpu
t line 1309.
(pdftex.def)             Requested size: 273.12392pt x 163.87085pt.
<../Insurance_P2/PyTorch_3L_80_20.png, id=424, 722.7pt x 433.62pt>
File: ../Insurance_P2/PyTorch_3L_80_20.png Graphic file (type png)
<use ../Insurance_P2/PyTorch_3L_80_20.png>
Package pdftex.def Info: ../Insurance_P2/PyTorch_3L_80_20.png  used on input li
ne 1314.
(pdftex.def)             Requested size: 273.12392pt x 163.87085pt.
 [28]
<../Insurance_P2_Feature_Selection/Scalation_3L_rSq_Forward.png, id=429, 1686.3
pt x 1475.5125pt>
File: ../Insurance_P2_Feature_Selection/Scalation_3L_rSq_Forward.png Graphic fi
le (type png)
<use ../Insurance_P2_Feature_Selection/Scalation_3L_rSq_Forward.png>
Package pdftex.def Info: ../Insurance_P2_Feature_Selection/Scalation_3L_rSq_For
ward.png  used on input line 1335.
(pdftex.def)             Requested size: 222.9524pt x 195.06544pt.
<../Insurance_P2_Feature_Selection/Scalation_3L_AIC_BIC_Forward.png, id=430, 16
86.3pt x 1475.5125pt>
File: ../Insurance_P2_Feature_Selection/Scalation_3L_AIC_BIC_Forward.png Graphi
c file (type png)
<use ../Insurance_P2_Feature_Selection/Scalation_3L_AIC_BIC_Forward.png>
Package pdftex.def Info: ../Insurance_P2_Feature_Selection/Scalation_3L_AIC_BIC
_Forward.png  used on input line 1340.
(pdftex.def)             Requested size: 222.9524pt x 195.06544pt.
 [29 <../Insurance_P2/Scalation_3L_In_Sample.png (PNG copy)> <../Insurance_P2/S
calation_3L_80_20.png (PNG copy)> <../Insurance_P2/PyTorch_3L_In_Sample.png> <.
./Insurance_P2/PyTorch_3L_80_20.png>]
<../Insurance_P2_Feature_Selection/Scalation_3L_rSq_Backward.png, id=437, 1686.
3pt x 1475.5125pt>
File: ../Insurance_P2_Feature_Selection/Scalation_3L_rSq_Backward.png Graphic f
ile (type png)
<use ../Insurance_P2_Feature_Selection/Scalation_3L_rSq_Backward.png>
Package pdftex.def Info: ../Insurance_P2_Feature_Selection/Scalation_3L_rSq_Bac
kward.png  used on input line 1370.
(pdftex.def)             Requested size: 222.9524pt x 195.06544pt.
<../Insurance_P2_Feature_Selection/Scalation_3L_AIC_BIC_Backward.png, id=438, 1
686.3pt x 1475.5125pt>
File: ../Insurance_P2_Feature_Selection/Scalation_3L_AIC_BIC_Backward.png Graph
ic file (type png)
<use ../Insurance_P2_Feature_Selection/Scalation_3L_AIC_BIC_Backward.png>
Package pdftex.def Info: ../Insurance_P2_Feature_Selection/Scalation_3L_AIC_BIC
_Backward.png  used on input line 1375.
(pdftex.def)             Requested size: 222.9524pt x 195.06544pt.
 [30 <../Insurance_P2_Feature_Selection/Scalation_3L_rSq_Forward.png (PNG copy)
> <../Insurance_P2_Feature_Selection/Scalation_3L_AIC_BIC_Forward.png (PNG copy
)> <../Insurance_P2_Feature_Selection/Scalation_3L_rSq_Backward.png (PNG copy)>
 <../Insurance_P2_Feature_Selection/Scalation_3L_AIC_BIC_Backward.png (PNG copy
)>]
<../Insurance_P2/PyTorch_4L_In_Sample.png, id=449, 722.7pt x 433.62pt>
File: ../Insurance_P2/PyTorch_4L_In_Sample.png Graphic file (type png)
<use ../Insurance_P2/PyTorch_4L_In_Sample.png>
Package pdftex.def Info: ../Insurance_P2/PyTorch_4L_In_Sample.png  used on inpu
t line 1463.
(pdftex.def)             Requested size: 273.12392pt x 163.87085pt.
<../Insurance_P2/PyTorch_4L_80_20.png, id=450, 722.7pt x 433.62pt>
File: ../Insurance_P2/PyTorch_4L_80_20.png Graphic file (type png)
<use ../Insurance_P2/PyTorch_4L_80_20.png>
Package pdftex.def Info: ../Insurance_P2/PyTorch_4L_80_20.png  used on input li
ne 1468.
(pdftex.def)             Requested size: 273.12392pt x 163.87085pt.
 [31 <../Insurance_P2/PyTorch_4L_In_Sample.png> <../Insurance_P2/PyTorch_4L_80_
20.png>] [32]
<fig/ins1.png, id=464, 570.2103pt x 354.123pt>
File: fig/ins1.png Graphic file (type png)
<use fig/ins1.png>
Package pdftex.def Info: fig/ins1.png  used on input line 1528.
(pdftex.def)             Requested size: 278.69475pt x 173.08409pt.
<fig/ins2.png, id=465, 570.933pt x 354.123pt>
File: fig/ins2.png Graphic file (type png)
<use fig/ins2.png>
Package pdftex.def Info: fig/ins2.png  used on input line 1529.
(pdftex.def)             Requested size: 278.69475pt x 172.86795pt.

Overfull \hbox (24.00002pt too wide) in paragraph at lines 1527--1533
 [][] 
 []

<fig/ins3.png, id=466, 570.2103pt x 354.123pt>
File: fig/ins3.png Graphic file (type png)
<use fig/ins3.png>
Package pdftex.def Info: fig/ins3.png  used on input line 1541.
(pdftex.def)             Requested size: 278.69475pt x 173.08409pt.
<fig/ins4.png, id=467, 576.7146pt x 354.123pt>
File: fig/ins4.png Graphic file (type png)
<use fig/ins4.png>
Package pdftex.def Info: fig/ins4.png  used on input line 1542.
(pdftex.def)             Requested size: 278.69475pt x 171.13344pt.

Overfull \hbox (24.00002pt too wide) in paragraph at lines 1540--1546
 [][] 
 []

[33 <./fig/ins1.png> <./fig/ins2.png> <./fig/ins3.png> <./fig/ins4.png>]
[34] [35] [36] [37] [38] [39] (./Report.aux)
 ***********
LaTeX2e <2023-11-01> patch level 1
L3 programming layer <2024-02-20>
 ***********


LaTeX Warning: There were multiply-defined labels.

Package rerunfilecheck Info: File `Report.out' has not changed.
(rerunfilecheck)             Checksum: 1D4C11532C2A8116A16D5515301127F9;4192.
 ) 
Here is how much of TeX's memory you used:
 13671 strings out of 474116
 255992 string characters out of 5743682
 1952187 words of memory out of 5000000
 35774 multiletter control sequences out of 15000+600000
 563955 words of font info for 57 fonts, out of 8000000 for 9000
 1141 hyphenation exceptions out of 8191
 75i,12n,79p,848b,454s stack positions out of 10000i,1000n,20000p,200000b,200000s
</usr/local/texlive/2024/texmf-dist/fonts/type1/public/amsfonts/cm/cmbx10.pfb
></usr/local/texlive/2024/texmf-dist/fonts/type1/public/amsfonts/cm/cmbx12.pfb>
</usr/local/texlive/2024/texmf-dist/fonts/type1/public/amsfonts/cm/cmmi10.pfb><
/usr/local/texlive/2024/texmf-dist/fonts/type1/public/amsfonts/cm/cmr10.pfb></u
sr/local/texlive/2024/texmf-dist/fonts/type1/public/amsfonts/cm/cmr12.pfb></usr
/local/texlive/2024/texmf-dist/fonts/type1/public/amsfonts/cm/cmr17.pfb></usr/l
ocal/texlive/2024/texmf-dist/fonts/type1/public/amsfonts/cm/cmr7.pfb></usr/loca
l/texlive/2024/texmf-dist/fonts/type1/public/amsfonts/cm/cmsy10.pfb></usr/local
/texlive/2024/texmf-dist/fonts/type1/public/amsfonts/cm/cmtt10.pfb></usr/local/
texlive/2024/texmf-dist/fonts/type1/public/cm-super/sfrm1000.pfb>
Output written on Report.pdf (39 pages, 4743020 bytes).
PDF statistics:
 593 PDF objects out of 1000 (max. 8388607)
 401 compressed objects within 5 object streams
 134 named destinations out of 1000 (max. 500000)
 658 words of extra memory for PDF output out of 10000 (max. 10000000)

